2026-04-13 10:44:32,614 - my_diary.api.main - INFO - [2m2026-04-13T09:44:32.614077Z[0m [[32m[1minfo     [0m] [1mmy_diary_startup              [0m [[0m[1m[34mmy_diary.api.main[0m][0m
2026-04-13 10:44:38,167 - my_diary.api.main - INFO - [2m2026-04-13T09:44:38.167221Z[0m [[32m[1minfo     [0m] [1mmy_diary_shutdown             [0m [[0m[1m[34mmy_diary.api.main[0m][0m
2026-04-13 10:44:38,508 - my_diary.api.main - INFO - [2m2026-04-13T09:44:38.508507Z[0m [[32m[1minfo     [0m] [1mmy_diary_startup              [0m [[0m[1m[34mmy_diary.api.main[0m][0m
2026-04-13 10:44:43,458 - my_diary.api.main - INFO - [2m2026-04-13T09:44:43.457975Z[0m [[32m[1minfo     [0m] [1mmy_diary_shutdown             [0m [[0m[1m[34mmy_diary.api.main[0m][0m
2026-04-13 10:44:43,820 - my_diary.api.main - INFO - [2m2026-04-13T09:44:43.820588Z[0m [[32m[1minfo     [0m] [1mmy_diary_startup              [0m [[0m[1m[34mmy_diary.api.main[0m][0m
2026-04-13 10:44:47,761 - my_diary.api.main - INFO - [2m2026-04-13T09:44:47.761203Z[0m [[32m[1minfo     [0m] [1mmy_diary_shutdown             [0m [[0m[1m[34mmy_diary.api.main[0m][0m
2026-04-13 10:44:48,132 - my_diary.api.main - INFO - [2m2026-04-13T09:44:48.132556Z[0m [[32m[1minfo     [0m] [1mmy_diary_startup              [0m [[0m[1m[34mmy_diary.api.main[0m][0m
2026-04-13 10:47:55,416 - my_diary.api.main - INFO - [2m2026-04-13T09:47:55.416165Z[0m [[32m[1minfo     [0m] [1mmy_diary_startup              [0m [[0m[1m[34mmy_diary.api.main[0m][0m
2026-04-13 10:49:02,694 - my_diary.api.main - INFO - [2m2026-04-13T09:49:02.694680Z[0m [[32m[1minfo     [0m] [1mmy_diary_shutdown             [0m [[0m[1m[34mmy_diary.api.main[0m][0m
2026-04-13 10:49:03,038 - my_diary.api.main - INFO - [2m2026-04-13T09:49:03.038441Z[0m [[32m[1minfo     [0m] [1mauto_creating_tables_for_development[0m [[0m[1m[34mmy_diary.api.main[0m][0m
2026-04-13 10:49:03,043 - my_diary.api.main - INFO - [2m2026-04-13T09:49:03.043133Z[0m [[32m[1minfo     [0m] [1mmy_diary_startup              [0m [[0m[1m[34mmy_diary.api.main[0m][0m
2026-04-13 10:51:10,101 - my_diary.api.main - INFO - [2m2026-04-13T09:51:10.101235Z[0m [[32m[1minfo     [0m] [1mauto_creating_tables_for_development[0m [[0m[1m[34mmy_diary.api.main[0m][0m
2026-04-13 10:51:10,102 - my_diary.api.main - INFO - [2m2026-04-13T09:51:10.102837Z[0m [[32m[1minfo     [0m] [1mmy_diary_startup              [0m [[0m[1m[34mmy_diary.api.main[0m][0m
2026-04-13 11:12:44,886 - my_diary.api.main - INFO - [2m2026-04-13T10:12:44.886905Z[0m [[32m[1minfo     [0m] [1mmy_diary_shutdown             [0m [[0m[1m[34mmy_diary.api.main[0m][0m
2026-04-13 11:14:32,761 - my_diary.api.main - INFO - [2m2026-04-13T10:14:32.761712Z[0m [[32m[1minfo     [0m] [1mauto_creating_tables_for_development[0m [[0m[1m[34mmy_diary.api.main[0m][0m
2026-04-13 11:14:32,763 - my_diary.api.main - INFO - [2m2026-04-13T10:14:32.763324Z[0m [[32m[1minfo     [0m] [1mmy_diary_startup              [0m [[0m[1m[34mmy_diary.api.main[0m][0m
2026-04-13 12:01:00,998 - my_diary.api.main - INFO - [2m2026-04-13T11:01:00.998896Z[0m [[32m[1minfo     [0m] [1mauto_creating_tables_for_development[0m [[0m[1m[34mmy_diary.api.main[0m][0m
2026-04-13 12:01:01,000 - my_diary.api.main - INFO - [2m2026-04-13T11:01:01.000578Z[0m [[32m[1minfo     [0m] [1mmy_diary_startup              [0m [[0m[1m[34mmy_diary.api.main[0m][0m
2026-04-13 12:30:59,829 - my_diary.api.main - INFO - [2m2026-04-13T11:30:59.828976Z[0m [[32m[1minfo     [0m] [1mmy_diary_shutdown             [0m [[0m[1m[34mmy_diary.api.main[0m][0m
2026-04-13 12:31:00,240 - my_diary.api.main - INFO - [2m2026-04-13T11:31:00.239973Z[0m [[32m[1minfo     [0m] [1mauto_creating_tables_for_development[0m [[0m[1m[34mmy_diary.api.main[0m][0m
2026-04-13 12:31:00,241 - my_diary.api.main - INFO - [2m2026-04-13T11:31:00.241562Z[0m [[32m[1minfo     [0m] [1mmy_diary_startup              [0m [[0m[1m[34mmy_diary.api.main[0m][0m
2026-04-13 12:31:06,808 - my_diary.api.main - INFO - [2m2026-04-13T11:31:06.808902Z[0m [[32m[1minfo     [0m] [1mmy_diary_shutdown             [0m [[0m[1m[34mmy_diary.api.main[0m][0m
2026-04-13 12:31:07,138 - my_diary.api.main - INFO - [2m2026-04-13T11:31:07.137976Z[0m [[32m[1minfo     [0m] [1mauto_creating_tables_for_development[0m [[0m[1m[34mmy_diary.api.main[0m][0m
2026-04-13 12:31:07,139 - my_diary.api.main - INFO - [2m2026-04-13T11:31:07.139470Z[0m [[32m[1minfo     [0m] [1mmy_diary_startup              [0m [[0m[1m[34mmy_diary.api.main[0m][0m
2026-04-13 12:31:22,394 - my_diary.api.main - INFO - [2m2026-04-13T11:31:22.394152Z[0m [[32m[1minfo     [0m] [1mmy_diary_shutdown             [0m [[0m[1m[34mmy_diary.api.main[0m][0m
2026-04-13 12:31:22,716 - my_diary.api.main - INFO - [2m2026-04-13T11:31:22.716359Z[0m [[32m[1minfo     [0m] [1mauto_creating_tables_for_development[0m [[0m[1m[34mmy_diary.api.main[0m][0m
2026-04-13 12:31:22,717 - my_diary.api.main - INFO - [2m2026-04-13T11:31:22.717842Z[0m [[32m[1minfo     [0m] [1mmy_diary_startup              [0m [[0m[1m[34mmy_diary.api.main[0m][0m
2026-04-13 12:31:28,579 - my_diary.api.main - INFO - [2m2026-04-13T11:31:28.579115Z[0m [[32m[1minfo     [0m] [1mmy_diary_shutdown             [0m [[0m[1m[34mmy_diary.api.main[0m][0m
2026-04-13 12:31:28,890 - my_diary.api.main - INFO - [2m2026-04-13T11:31:28.890500Z[0m [[32m[1minfo     [0m] [1mauto_creating_tables_for_development[0m [[0m[1m[34mmy_diary.api.main[0m][0m
2026-04-13 12:31:28,892 - my_diary.api.main - INFO - [2m2026-04-13T11:31:28.892279Z[0m [[32m[1minfo     [0m] [1mmy_diary_startup              [0m [[0m[1m[34mmy_diary.api.main[0m][0m
2026-04-13 12:44:19,354 - my_diary.api.main - INFO - [2m2026-04-13T11:44:19.354917Z[0m [[32m[1minfo     [0m] [1mmy_diary_shutdown             [0m [[0m[1m[34mmy_diary.api.main[0m][0m
2026-04-13 12:44:19,831 - my_diary.api.main - INFO - [2m2026-04-13T11:44:19.831114Z[0m [[32m[1minfo     [0m] [1mauto_creating_tables_for_development[0m [[0m[1m[34mmy_diary.api.main[0m][0m
2026-04-13 12:44:19,832 - my_diary.api.main - INFO - [2m2026-04-13T11:44:19.832534Z[0m [[32m[1minfo     [0m] [1mmy_diary_startup              [0m [[0m[1m[34mmy_diary.api.main[0m][0m
2026-04-13 12:44:29,835 - my_diary.api.main - INFO - [2m2026-04-13T11:44:29.835348Z[0m [[32m[1minfo     [0m] [1mmy_diary_shutdown             [0m [[0m[1m[34mmy_diary.api.main[0m][0m
2026-04-13 12:44:30,157 - my_diary.api.main - INFO - [2m2026-04-13T11:44:30.157436Z[0m [[32m[1minfo     [0m] [1mauto_creating_tables_for_development[0m [[0m[1m[34mmy_diary.api.main[0m][0m
2026-04-13 12:44:30,158 - my_diary.api.main - INFO - [2m2026-04-13T11:44:30.158887Z[0m [[32m[1minfo     [0m] [1mmy_diary_startup              [0m [[0m[1m[34mmy_diary.api.main[0m][0m
2026-04-13 12:50:39,713 - my_diary.api.main - INFO - [2m2026-04-13T11:50:39.713878Z[0m [[32m[1minfo     [0m] [1mmy_diary_shutdown             [0m [[0m[1m[34mmy_diary.api.main[0m][0m
2026-04-13 12:50:40,122 - my_diary.api.main - INFO - [2m2026-04-13T11:50:40.122008Z[0m [[32m[1minfo     [0m] [1mauto_creating_tables_for_development[0m [[0m[1m[34mmy_diary.api.main[0m][0m
2026-04-13 12:50:40,123 - my_diary.api.main - INFO - [2m2026-04-13T11:50:40.123475Z[0m [[32m[1minfo     [0m] [1mmy_diary_startup              [0m [[0m[1m[34mmy_diary.api.main[0m][0m
2026-04-13 12:50:45,269 - my_diary.api.main - INFO - [2m2026-04-13T11:50:45.269755Z[0m [[32m[1minfo     [0m] [1mmy_diary_shutdown             [0m [[0m[1m[34mmy_diary.api.main[0m][0m
2026-04-13 12:50:45,602 - my_diary.api.main - INFO - [2m2026-04-13T11:50:45.601974Z[0m [[32m[1minfo     [0m] [1mauto_creating_tables_for_development[0m [[0m[1m[34mmy_diary.api.main[0m][0m
2026-04-13 12:50:45,603 - my_diary.api.main - INFO - [2m2026-04-13T11:50:45.603478Z[0m [[32m[1minfo     [0m] [1mmy_diary_startup              [0m [[0m[1m[34mmy_diary.api.main[0m][0m
2026-04-13 12:53:31,794 - my_diary.api.main - INFO - [2m2026-04-13T11:53:31.794253Z[0m [[32m[1minfo     [0m] [1mmy_diary_shutdown             [0m [[0m[1m[34mmy_diary.api.main[0m][0m
2026-04-13 12:53:32,292 - my_diary.api.main - INFO - [2m2026-04-13T11:53:32.292669Z[0m [[32m[1minfo     [0m] [1mauto_creating_tables_for_development[0m [[0m[1m[34mmy_diary.api.main[0m][0m
2026-04-13 12:53:32,294 - my_diary.api.main - INFO - [2m2026-04-13T11:53:32.294133Z[0m [[32m[1minfo     [0m] [1mmy_diary_startup              [0m [[0m[1m[34mmy_diary.api.main[0m][0m
2026-04-13 12:53:38,256 - my_diary.api.main - INFO - [2m2026-04-13T11:53:38.256143Z[0m [[32m[1minfo     [0m] [1mmy_diary_shutdown             [0m [[0m[1m[34mmy_diary.api.main[0m][0m
2026-04-13 12:53:38,561 - my_diary.api.main - INFO - [2m2026-04-13T11:53:38.561535Z[0m [[32m[1minfo     [0m] [1mauto_creating_tables_for_development[0m [[0m[1m[34mmy_diary.api.main[0m][0m
2026-04-13 12:53:38,563 - my_diary.api.main - INFO - [2m2026-04-13T11:53:38.563005Z[0m [[32m[1minfo     [0m] [1mmy_diary_startup              [0m [[0m[1m[34mmy_diary.api.main[0m][0m
2026-04-13 13:01:42,786 - my_diary.api.main - INFO - [2m2026-04-13T12:01:42.786567Z[0m [[32m[1minfo     [0m] [1mmy_diary_shutdown             [0m [[0m[1m[34mmy_diary.api.main[0m][0m
2026-04-13 13:01:43,274 - my_diary.api.main - INFO - [2m2026-04-13T12:01:43.273986Z[0m [[32m[1minfo     [0m] [1mauto_creating_tables_for_development[0m [[0m[1m[34mmy_diary.api.main[0m][0m
2026-04-13 13:01:43,275 - my_diary.api.main - INFO - [2m2026-04-13T12:01:43.275439Z[0m [[32m[1minfo     [0m] [1mmy_diary_startup              [0m [[0m[1m[34mmy_diary.api.main[0m][0m
2026-04-13 13:08:22,824 - my_diary.api.main - INFO - [2m2026-04-13T12:08:22.824596Z[0m [[32m[1minfo     [0m] [1mmy_diary_shutdown             [0m [[0m[1m[34mmy_diary.api.main[0m][0m
2026-04-13 13:08:23,275 - my_diary.api.main - INFO - [2m2026-04-13T12:08:23.275184Z[0m [[32m[1minfo     [0m] [1mauto_creating_tables_for_development[0m [[0m[1m[34mmy_diary.api.main[0m][0m
2026-04-13 13:08:23,276 - my_diary.api.main - INFO - [2m2026-04-13T12:08:23.276504Z[0m [[32m[1minfo     [0m] [1mmy_diary_startup              [0m [[0m[1m[34mmy_diary.api.main[0m][0m
2026-04-13 13:09:18,141 - my_diary.api.main - INFO - [2m2026-04-13T12:09:18.141786Z[0m [[32m[1minfo     [0m] [1mauto_creating_tables_for_development[0m [[0m[1m[34mmy_diary.api.main[0m][0m
2026-04-13 13:09:18,143 - my_diary.api.main - INFO - [2m2026-04-13T12:09:18.143283Z[0m [[32m[1minfo     [0m] [1mmy_diary_startup              [0m [[0m[1m[34mmy_diary.api.main[0m][0m
2026-04-13 13:11:54,892 - my_diary.api.main - INFO - [2m2026-04-13T12:11:54.892627Z[0m [[32m[1minfo     [0m] [1mmy_diary_shutdown             [0m [[0m[1m[34mmy_diary.api.main[0m][0m
2026-04-13 13:11:55,478 - my_diary.api.main - INFO - [2m2026-04-13T12:11:55.478406Z[0m [[32m[1minfo     [0m] [1mauto_creating_tables_for_development[0m [[0m[1m[34mmy_diary.api.main[0m][0m
2026-04-13 13:11:55,479 - my_diary.api.main - INFO - [2m2026-04-13T12:11:55.479888Z[0m [[32m[1minfo     [0m] [1mmy_diary_startup              [0m [[0m[1m[34mmy_diary.api.main[0m][0m
2026-04-13 13:19:37,499 - my_diary.api.main - INFO - [2m2026-04-13T12:19:37.499610Z[0m [[32m[1minfo     [0m] [1mmy_diary_shutdown             [0m [[0m[1m[34mmy_diary.api.main[0m][0m
2026-04-13 13:19:37,869 - my_diary.api.main - INFO - [2m2026-04-13T12:19:37.869171Z[0m [[32m[1minfo     [0m] [1mauto_creating_tables_for_development[0m [[0m[1m[34mmy_diary.api.main[0m][0m
2026-04-13 13:19:37,871 - my_diary.api.main - INFO - [2m2026-04-13T12:19:37.871410Z[0m [[32m[1minfo     [0m] [1mmy_diary_startup              [0m [[0m[1m[34mmy_diary.api.main[0m][0m
2026-04-13 13:19:43,733 - my_diary.api.main - INFO - [2m2026-04-13T12:19:43.733765Z[0m [[32m[1minfo     [0m] [1mmy_diary_shutdown             [0m [[0m[1m[34mmy_diary.api.main[0m][0m
2026-04-13 13:19:44,059 - my_diary.api.main - INFO - [2m2026-04-13T12:19:44.059610Z[0m [[32m[1minfo     [0m] [1mmy_diary_startup              [0m [[0m[1m[34mmy_diary.api.main[0m][0m
2026-04-13 13:25:28,445 - my_diary.api.main - INFO - [2m2026-04-13T12:25:28.445667Z[0m [[32m[1minfo     [0m] [1mmy_diary_shutdown             [0m [[0m[1m[34mmy_diary.api.main[0m][0m
2026-04-13 13:25:28,903 - my_diary.api.main - INFO - [2m2026-04-13T12:25:28.903393Z[0m [[32m[1minfo     [0m] [1mmy_diary_startup              [0m [[0m[1m[34mmy_diary.api.main[0m][0m
2026-04-13 13:29:02,803 - my_diary.api.main - INFO - [2m2026-04-13T12:29:02.803225Z[0m [[32m[1minfo     [0m] [1mmy_diary_shutdown             [0m [[0m[1m[34mmy_diary.api.main[0m][0m
2026-04-13 13:29:22,923 - my_diary.api.main - INFO - [2m2026-04-13T12:29:22.923587Z[0m [[32m[1minfo     [0m] [1mmy_diary_startup              [0m [[0m[1m[34mmy_diary.api.main[0m][0m
2026-04-13 13:30:38,186 - my_diary.api.main - ERROR - [2m2026-04-13T12:30:38.186346Z[0m [[31m[1merror    [0m] [1mvalidation_error              [0m [[0m[1m[34mmy_diary.api.main[0m][0m [36merrors[0m=[35m[{'type': 'int_parsing', 'loc': ('path', 'month'), 'msg': 'Input should be a valid integer, unable to parse string as an integer', 'input': 'annual'}][0m
2026-04-13 13:30:58,945 - my_diary.api.main - ERROR - [2m2026-04-13T12:30:58.945414Z[0m [[31m[1merror    [0m] [1mvalidation_error              [0m [[0m[1m[34mmy_diary.api.main[0m][0m [36merrors[0m=[35m[{'type': 'int_parsing', 'loc': ('path', 'month'), 'msg': 'Input should be a valid integer, unable to parse string as an integer', 'input': 'annual'}][0m
2026-04-13 13:31:23,952 - my_diary.api.main - ERROR - [2m2026-04-13T12:31:23.952694Z[0m [[31m[1merror    [0m] [1mvalidation_error              [0m [[0m[1m[34mmy_diary.api.main[0m][0m [36merrors[0m=[35m[{'type': 'int_parsing', 'loc': ('path', 'month'), 'msg': 'Input should be a valid integer, unable to parse string as an integer', 'input': 'annual'}][0m
2026-04-13 13:32:25,403 - my_diary.api.main - INFO - [2m2026-04-13T12:32:25.403269Z[0m [[32m[1minfo     [0m] [1mmy_diary_shutdown             [0m [[0m[1m[34mmy_diary.api.main[0m][0m
2026-04-13 13:32:25,876 - my_diary.api.main - INFO - [2m2026-04-13T12:32:25.875994Z[0m [[32m[1minfo     [0m] [1mmy_diary_startup              [0m [[0m[1m[34mmy_diary.api.main[0m][0m
2026-04-13 13:33:20,820 - my_diary.api.main - INFO - [2m2026-04-13T12:33:20.820240Z[0m [[32m[1minfo     [0m] [1mmy_diary_shutdown             [0m [[0m[1m[34mmy_diary.api.main[0m][0m
2026-04-13 13:33:26,204 - my_diary.api.main - INFO - [2m2026-04-13T12:33:26.204774Z[0m [[32m[1minfo     [0m] [1mmy_diary_startup              [0m [[0m[1m[34mmy_diary.api.main[0m][0m
2026-04-13 13:52:10,938 - my_diary.api.main - INFO - [2m2026-04-13T12:52:10.938061Z[0m [[32m[1minfo     [0m] [1mmy_diary_shutdown             [0m [[0m[1m[34mmy_diary.api.main[0m][0m
2026-04-13 13:52:11,415 - my_diary.api.main - INFO - [2m2026-04-13T12:52:11.415249Z[0m [[32m[1minfo     [0m] [1mmy_diary_startup              [0m [[0m[1m[34mmy_diary.api.main[0m][0m
2026-04-13 13:52:24,442 - my_diary.api.main - INFO - [2m2026-04-13T12:52:24.442706Z[0m [[32m[1minfo     [0m] [1mmy_diary_shutdown             [0m [[0m[1m[34mmy_diary.api.main[0m][0m
2026-04-13 13:52:24,897 - my_diary.api.main - INFO - [2m2026-04-13T12:52:24.897418Z[0m [[32m[1minfo     [0m] [1mmy_diary_startup              [0m [[0m[1m[34mmy_diary.api.main[0m][0m
2026-04-13 13:52:59,451 - my_diary.api.main - INFO - [2m2026-04-13T12:52:59.451751Z[0m [[32m[1minfo     [0m] [1mmy_diary_shutdown             [0m [[0m[1m[34mmy_diary.api.main[0m][0m
2026-04-13 13:52:59,934 - my_diary.api.main - INFO - [2m2026-04-13T12:52:59.933969Z[0m [[32m[1minfo     [0m] [1mmy_diary_startup              [0m [[0m[1m[34mmy_diary.api.main[0m][0m
2026-04-13 14:16:22,247 - my_diary.api.main - INFO - [2m2026-04-13T13:16:22.247436Z[0m [[32m[1minfo     [0m] [1mmy_diary_shutdown             [0m [[0m[1m[34mmy_diary.api.main[0m][0m
2026-04-13 14:22:16,647 - my_diary.api.main - INFO - [2m2026-04-13T13:22:16.647773Z[0m [[32m[1minfo     [0m] [1mmy_diary_startup              [0m [[0m[1m[34mmy_diary.api.main[0m][0m
2026-04-13 14:28:57,852 - my_diary.api.main - WARNING - [2m2026-04-13T13:28:57.852148Z[0m [[33m[1mwarning  [0m] [1mcsrf_missing_header           [0m [[0m[1m[34mmy_diary.api.main[0m][0m [36mpath[0m=[35m/api/days/2026-04-13/activity[0m
2026-04-13 14:28:59,064 - my_diary.api.main - WARNING - [2m2026-04-13T13:28:59.064605Z[0m [[33m[1mwarning  [0m] [1mcsrf_missing_header           [0m [[0m[1m[34mmy_diary.api.main[0m][0m [36mpath[0m=[35m/api/days/2026-04-13/activity[0m
2026-04-13 14:29:01,528 - my_diary.api.main - WARNING - [2m2026-04-13T13:29:01.528720Z[0m [[33m[1mwarning  [0m] [1mcsrf_missing_header           [0m [[0m[1m[34mmy_diary.api.main[0m][0m [36mpath[0m=[35m/api/days/2026-04-13/activity[0m
2026-04-13 14:29:02,742 - my_diary.api.main - WARNING - [2m2026-04-13T13:29:02.742559Z[0m [[33m[1mwarning  [0m] [1mcsrf_missing_header           [0m [[0m[1m[34mmy_diary.api.main[0m][0m [36mpath[0m=[35m/api/days/2026-04-13/activity[0m
2026-04-13 14:29:03,682 - my_diary.api.main - WARNING - [2m2026-04-13T13:29:03.682041Z[0m [[33m[1mwarning  [0m] [1mcsrf_missing_header           [0m [[0m[1m[34mmy_diary.api.main[0m][0m [36mpath[0m=[35m/api/days/2026-04-13/activity[0m
2026-04-13 14:29:04,897 - my_diary.api.main - WARNING - [2m2026-04-13T13:29:04.896913Z[0m [[33m[1mwarning  [0m] [1mcsrf_missing_header           [0m [[0m[1m[34mmy_diary.api.main[0m][0m [36mpath[0m=[35m/api/days/2026-04-13/activity[0m
2026-04-13 14:29:15,629 - my_diary.api.main - WARNING - [2m2026-04-13T13:29:15.629550Z[0m [[33m[1mwarning  [0m] [1mcsrf_missing_header           [0m [[0m[1m[34mmy_diary.api.main[0m][0m [36mpath[0m=[35m/api/days/2026-04-13/activity[0m
2026-04-13 14:29:16,844 - my_diary.api.main - WARNING - [2m2026-04-13T13:29:16.844566Z[0m [[33m[1mwarning  [0m] [1mcsrf_missing_header           [0m [[0m[1m[34mmy_diary.api.main[0m][0m [36mpath[0m=[35m/api/days/2026-04-13/activity[0m
2026-04-13 14:29:26,768 - my_diary.api.main - WARNING - [2m2026-04-13T13:29:26.768534Z[0m [[33m[1mwarning  [0m] [1mcsrf_missing_header           [0m [[0m[1m[34mmy_diary.api.main[0m][0m [36mpath[0m=[35m/api/days/2026-04-13/activity[0m
2026-04-13 14:29:27,982 - my_diary.api.main - WARNING - [2m2026-04-13T13:29:27.982537Z[0m [[33m[1mwarning  [0m] [1mcsrf_missing_header           [0m [[0m[1m[34mmy_diary.api.main[0m][0m [36mpath[0m=[35m/api/days/2026-04-13/activity[0m
2026-04-13 14:29:48,347 - my_diary.api.main - WARNING - [2m2026-04-13T13:29:48.347273Z[0m [[33m[1mwarning  [0m] [1mcsrf_missing_header           [0m [[0m[1m[34mmy_diary.api.main[0m][0m [36mpath[0m=[35m/api/days/2026-04-09/gym[0m
2026-04-13 14:29:49,562 - my_diary.api.main - WARNING - [2m2026-04-13T13:29:49.562498Z[0m [[33m[1mwarning  [0m] [1mcsrf_missing_header           [0m [[0m[1m[34mmy_diary.api.main[0m][0m [36mpath[0m=[35m/api/days/2026-04-09/gym[0m
2026-04-13 14:29:50,454 - my_diary.api.main - WARNING - [2m2026-04-13T13:29:50.454737Z[0m [[33m[1mwarning  [0m] [1mcsrf_missing_header           [0m [[0m[1m[34mmy_diary.api.main[0m][0m [36mpath[0m=[35m/api/days/2026-04-09/gym[0m
2026-04-13 14:29:51,641 - my_diary.api.main - WARNING - [2m2026-04-13T13:29:51.641540Z[0m [[33m[1mwarning  [0m] [1mcsrf_missing_header           [0m [[0m[1m[34mmy_diary.api.main[0m][0m [36mpath[0m=[35m/api/days/2026-04-09/gym[0m
2026-04-13 14:29:51,688 - my_diary.api.main - WARNING - [2m2026-04-13T13:29:51.688568Z[0m [[33m[1mwarning  [0m] [1mcsrf_missing_header           [0m [[0m[1m[34mmy_diary.api.main[0m][0m [36mpath[0m=[35m/api/days/2026-04-09/gym[0m
2026-04-13 14:29:52,854 - my_diary.api.main - WARNING - [2m2026-04-13T13:29:52.854842Z[0m [[33m[1mwarning  [0m] [1mcsrf_missing_header           [0m [[0m[1m[34mmy_diary.api.main[0m][0m [36mpath[0m=[35m/api/days/2026-04-09/gym[0m
2026-04-13 14:30:06,769 - my_diary.api.main - WARNING - [2m2026-04-13T13:30:06.769079Z[0m [[33m[1mwarning  [0m] [1mcsrf_missing_header           [0m [[0m[1m[34mmy_diary.api.main[0m][0m [36mpath[0m=[35m/api/days/2026-04-09/meditation[0m
2026-04-13 14:30:07,982 - my_diary.api.main - WARNING - [2m2026-04-13T13:30:07.982629Z[0m [[33m[1mwarning  [0m] [1mcsrf_missing_header           [0m [[0m[1m[34mmy_diary.api.main[0m][0m [36mpath[0m=[35m/api/days/2026-04-09/meditation[0m
2026-04-13 14:30:09,487 - my_diary.api.main - WARNING - [2m2026-04-13T13:30:09.487394Z[0m [[33m[1mwarning  [0m] [1mcsrf_missing_header           [0m [[0m[1m[34mmy_diary.api.main[0m][0m [36mpath[0m=[35m/api/days/2026-04-09/meditation[0m
2026-04-13 14:30:10,701 - my_diary.api.main - WARNING - [2m2026-04-13T13:30:10.701658Z[0m [[33m[1mwarning  [0m] [1mcsrf_missing_header           [0m [[0m[1m[34mmy_diary.api.main[0m][0m [36mpath[0m=[35m/api/days/2026-04-09/meditation[0m
2026-04-13 14:33:07,283 - my_diary.api.main - INFO - [2m2026-04-13T13:33:07.283491Z[0m [[32m[1minfo     [0m] [1mmy_diary_shutdown             [0m [[0m[1m[34mmy_diary.api.main[0m][0m
2026-04-13 14:33:20,793 - my_diary.api.main - INFO - [2m2026-04-13T13:33:20.793476Z[0m [[32m[1minfo     [0m] [1mmy_diary_startup              [0m [[0m[1m[34mmy_diary.api.main[0m][0m
2026-04-13 14:33:27,562 - my_diary.api.main - INFO - [2m2026-04-13T13:33:27.562554Z[0m [[32m[1minfo     [0m] [1mmy_diary_shutdown             [0m [[0m[1m[34mmy_diary.api.main[0m][0m
2026-04-13 14:33:27,891 - my_diary.api.main - INFO - [2m2026-04-13T13:33:27.891779Z[0m [[32m[1minfo     [0m] [1mmy_diary_startup              [0m [[0m[1m[34mmy_diary.api.main[0m][0m
2026-04-13 14:34:10,711 - my_diary.api.main - INFO - [2m2026-04-13T13:34:10.710903Z[0m [[32m[1minfo     [0m] [1mmy_diary_shutdown             [0m [[0m[1m[34mmy_diary.api.main[0m][0m
2026-04-13 14:34:11,146 - my_diary.api.main - INFO - [2m2026-04-13T13:34:11.146504Z[0m [[32m[1minfo     [0m] [1mmy_diary_startup              [0m [[0m[1m[34mmy_diary.api.main[0m][0m
2026-04-13 14:34:24,376 - my_diary.api.main - INFO - [2m2026-04-13T13:34:24.376823Z[0m [[32m[1minfo     [0m] [1mmy_diary_shutdown             [0m [[0m[1m[34mmy_diary.api.main[0m][0m
2026-04-13 14:34:24,704 - my_diary.api.main - INFO - [2m2026-04-13T13:34:24.704678Z[0m [[32m[1minfo     [0m] [1mmy_diary_startup              [0m [[0m[1m[34mmy_diary.api.main[0m][0m
2026-04-13 14:35:01,925 - my_diary.api.main - WARNING - [2m2026-04-13T13:35:01.925650Z[0m [[33m[1mwarning  [0m] [1mcsrf_validation_failed        [0m [[0m[1m[34mmy_diary.api.main[0m][0m [36mpath[0m=[35m/api/days/2026-04-09/meditation[0m
2026-04-13 14:35:03,145 - my_diary.api.main - WARNING - [2m2026-04-13T13:35:03.144927Z[0m [[33m[1mwarning  [0m] [1mcsrf_validation_failed        [0m [[0m[1m[34mmy_diary.api.main[0m][0m [36mpath[0m=[35m/api/days/2026-04-09/meditation[0m
2026-04-13 14:35:03,694 - my_diary.api.main - WARNING - [2m2026-04-13T13:35:03.694645Z[0m [[33m[1mwarning  [0m] [1mcsrf_validation_failed        [0m [[0m[1m[34mmy_diary.api.main[0m][0m [36mpath[0m=[35m/api/days/2026-04-09/meditation[0m
2026-04-13 14:35:04,905 - my_diary.api.main - WARNING - [2m2026-04-13T13:35:04.905741Z[0m [[33m[1mwarning  [0m] [1mcsrf_validation_failed        [0m [[0m[1m[34mmy_diary.api.main[0m][0m [36mpath[0m=[35m/api/days/2026-04-09/meditation[0m
2026-04-13 14:35:06,756 - my_diary.api.main - WARNING - [2m2026-04-13T13:35:06.755939Z[0m [[33m[1mwarning  [0m] [1mcsrf_validation_failed        [0m [[0m[1m[34mmy_diary.api.main[0m][0m [36mpath[0m=[35m/api/days/2026-04-09/meditation[0m
2026-04-13 14:35:07,969 - my_diary.api.main - WARNING - [2m2026-04-13T13:35:07.969410Z[0m [[33m[1mwarning  [0m] [1mcsrf_validation_failed        [0m [[0m[1m[34mmy_diary.api.main[0m][0m [36mpath[0m=[35m/api/days/2026-04-09/meditation[0m
2026-04-13 14:35:10,004 - my_diary.api.main - WARNING - [2m2026-04-13T13:35:10.004520Z[0m [[33m[1mwarning  [0m] [1mcsrf_validation_failed        [0m [[0m[1m[34mmy_diary.api.main[0m][0m [36mpath[0m=[35m/api/days/2026-04-09/meditation[0m
2026-04-13 14:35:11,219 - my_diary.api.main - WARNING - [2m2026-04-13T13:35:11.219510Z[0m [[33m[1mwarning  [0m] [1mcsrf_validation_failed        [0m [[0m[1m[34mmy_diary.api.main[0m][0m [36mpath[0m=[35m/api/days/2026-04-09/meditation[0m
2026-04-13 14:35:22,373 - my_diary.api.main - INFO - [2m2026-04-13T13:35:22.373017Z[0m [[32m[1minfo     [0m] [1mmy_diary_shutdown             [0m [[0m[1m[34mmy_diary.api.main[0m][0m
2026-04-13 14:35:27,035 - my_diary.api.main - INFO - [2m2026-04-13T13:35:27.035359Z[0m [[32m[1minfo     [0m] [1mmy_diary_startup              [0m [[0m[1m[34mmy_diary.api.main[0m][0m
2026-04-13 14:35:42,192 - my_diary.api.main - WARNING - [2m2026-04-13T13:35:42.191733Z[0m [[33m[1mwarning  [0m] [1mcsrf_validation_failed        [0m [[0m[1m[34mmy_diary.api.main[0m][0m [36mpath[0m=[35m/api/days/2026-04-10/meditation[0m
2026-04-13 14:35:43,405 - my_diary.api.main - WARNING - [2m2026-04-13T13:35:43.405375Z[0m [[33m[1mwarning  [0m] [1mcsrf_validation_failed        [0m [[0m[1m[34mmy_diary.api.main[0m][0m [36mpath[0m=[35m/api/days/2026-04-10/meditation[0m
2026-04-13 14:46:06,859 - my_diary.api.main - INFO - [2m2026-04-13T13:46:06.859453Z[0m [[32m[1minfo     [0m] [1mmy_diary_shutdown             [0m [[0m[1m[34mmy_diary.api.main[0m][0m
2026-04-13 14:46:07,376 - my_diary.api.main - INFO - [2m2026-04-13T13:46:07.376483Z[0m [[32m[1minfo     [0m] [1mmy_diary_startup              [0m [[0m[1m[34mmy_diary.api.main[0m][0m
2026-04-13 14:46:15,960 - my_diary.api.main - INFO - [2m2026-04-13T13:46:15.960776Z[0m [[32m[1minfo     [0m] [1mmy_diary_shutdown             [0m [[0m[1m[34mmy_diary.api.main[0m][0m
2026-04-13 14:46:16,315 - my_diary.api.main - INFO - [2m2026-04-13T13:46:16.314984Z[0m [[32m[1minfo     [0m] [1mmy_diary_startup              [0m [[0m[1m[34mmy_diary.api.main[0m][0m
2026-04-13 14:46:25,407 - my_diary.api.main - INFO - [2m2026-04-13T13:46:25.407853Z[0m [[32m[1minfo     [0m] [1mmy_diary_shutdown             [0m [[0m[1m[34mmy_diary.api.main[0m][0m
2026-04-13 14:46:25,737 - my_diary.api.main - INFO - [2m2026-04-13T13:46:25.737243Z[0m [[32m[1minfo     [0m] [1mmy_diary_startup              [0m [[0m[1m[34mmy_diary.api.main[0m][0m
2026-04-13 14:46:37,142 - my_diary.api.main - INFO - [2m2026-04-13T13:46:37.142453Z[0m [[32m[1minfo     [0m] [1mmy_diary_shutdown             [0m [[0m[1m[34mmy_diary.api.main[0m][0m
2026-04-13 14:46:52,632 - my_diary.api.main - INFO - [2m2026-04-13T13:46:52.632485Z[0m [[32m[1minfo     [0m] [1mmy_diary_startup              [0m [[0m[1m[34mmy_diary.api.main[0m][0m
